<?xml version="1.0" encoding="UTF-8"?>
<!-- Generated by org.testng.reporters.JUnitReportReporter -->
<testsuite skipped="0" hostname="LAPTOP-NJQGIOLU" name="com.app.tests.TestWithHamcrest" tests="1" failures="0" timestamp="25 Jan 2019 18:57:25 GMT" time="0.011" errors="0">
  <testcase name="test1" time="0.011" classname="com.app.tests.TestWithHamcrest"/>
</testsuite> <!-- com.app.tests.TestWithHamcrest -->
