<?xml version="1.0" encoding="UTF-8"?>
<!-- Generated by org.testng.reporters.JUnitReportReporter -->
<testsuite skipped="0" hostname="LAPTOP-NJQGIOLU" name="com.app.tests.APIDay3JsonPath" tests="1" failures="1" timestamp="20 Jan 2019 02:08:36 GMT" time="2.019" errors="0">
  <testcase name="testItemsCountFromREsponseBody" time="2.019" classname="com.app.tests.APIDay3JsonPath">
    <failure type="java.lang.AssertionError" message="1 expectation failed.
JSON path $ doesn&#039;t match.
Expected: a collection with size &lt;46&gt;
  Actual: [{gists_url=https://api.github.com/users/mojombo/gists{/gist_id}, repos_url=https://api.github.com/users/mojombo/repos, following_url=https://api.github.com/users/mojombo/following{/other_user}, starred_url=https://api.github.com/users/mojombo/starred{/owner}{/repo}, login=mojombo, followers_url=https://api.github.com/users/mojombo/followers, type=User, url=https://api.github.com/users/mojombo, subscriptions_url=https://api.github.com/users/mojombo/subscriptions, received_events_url=https://api.github.com/users/mojombo/received_events, avatar_url=https://avatars0.githubusercontent.com/u/1?v=4, events_url=https://api.github.com/users/mojombo/events{/privacy}, html_url=https://github.com/mojombo, site_admin=false, id=1, gravatar_id=, node_id=MDQ6VXNlcjE=, organizations_url=https://api.github.com/users/mojombo/orgs}, {gists_url=https://api.github.com/users/defunkt/gists{/gist_id}, repos_url=https://api.github.com/users/defunkt/repos, following_url=https://api.github.com/users/defunkt/following{/other_user}, starred_url=https://api.github.com/users/defunkt/starred{/owner}{/repo}, login=defunkt, followers_url=https://api.github.com/users/defunkt/followers, type=User, url=https://api.github.com/users/defunkt, subscriptions_url=https://api.github.com/users/defunkt/subscriptions, received_events_url=https://api.github.com/users/defunkt/received_events, avatar_url=https://avatars0.githubusercontent.com/u/2?v=4, events_url=https://api.github.com/users/defunkt/events{/privacy}, html_url=https://github.com/defunkt, site_admin=false, id=2, gravatar_id=, node_id=MDQ6VXNlcjI=, organizations_url=https://api.github.com/users/defunkt/orgs}, {gists_url=https://api.github.com/users/pjhyett/gists{/gist_id}, repos_url=https://api.github.com/users/pjhyett/repos, following_url=https://api.github.com/users/pjhyett/following{/other_user}, starred_url=https://api.github.com/users/pjhyett/starred{/owner}{/repo}, login=pjhyett, followers_url=https://api.github.com/users/pjhyett/followers, type=User, url=https://api.github.com/users/pjhyett, subscriptions_url=https://api.github.com/users/pjhyett/subscriptions, received_events_url=https://api.github.com/users/pjhyett/received_events, avatar_url=https://avatars0.githubusercontent.com/u/3?v=4, events_url=https://api.github.com/users/pjhyett/events{/privacy}, html_url=https://github.com/pjhyett, site_admin=false, id=3, gravatar_id=, node_id=MDQ6VXNlcjM=, organizations_url=https://api.github.com/users/pjhyett/orgs}, {gists_url=https://api.github.com/users/wycats/gists{/gist_id}, repos_url=https://api.github.com/users/wycats/repos, following_url=https://api.github.com/users/wycats/following{/other_user}, starred_url=https://api.github.com/users/wycats/starred{/owner}{/repo}, login=wycats, followers_url=https://api.github.com/users/wycats/followers, type=User, url=https://api.github.com/users/wycats, subscriptions_url=https://api.github.com/users/wycats/subscriptions, received_events_url=https://api.github.com/users/wycats/received_events, avatar_url=https://avatars0.githubusercontent.com/u/4?v=4, events_url=https://api.github.com/users/wycats/events{/privacy}, html_url=https://github.com/wycats, site_admin=false, id=4, gravatar_id=, node_id=MDQ6VXNlcjQ=, organizations_url=https://api.github.com/users/wycats/orgs}, {gists_url=https://api.github.com/users/ezmobius/gists{/gist_id}, repos_url=https://api.github.com/users/ezmobius/repos, following_url=https://api.github.com/users/ezmobius/following{/other_user}, starred_url=https://api.github.com/users/ezmobius/starred{/owner}{/repo}, login=ezmobius, followers_url=https://api.github.com/users/ezmobius/followers, type=User, url=https://api.github.com/users/ezmobius, subscriptions_url=https://api.github.com/users/ezmobius/subscriptions, received_events_url=https://api.github.com/users/ezmobius/received_events, avatar_url=https://avatars0.githubusercontent.com/u/5?v=4, events_url=https://api.github.com/users/ezmobius/events{/privacy}, html_url=https://github.com/ezmobius, site_admin=false, id=5, gravatar_id=, node_id=MDQ6VXNlcjU=, organizations_url=https://api.github.com/users/ezmobius/orgs}, {gists_url=https://api.github.com/users/ivey/gists{/gist_id}, repos_url=https://api.github.com/users/ivey/repos, following_url=https://api.github.com/users/ivey/following{/other_user}, starred_url=https://api.github.com/users/ivey/starred{/owner}{/repo}, login=ivey, followers_url=https://api.github.com/users/ivey/followers, type=User, url=https://api.github.com/users/ivey, subscriptions_url=https://api.github.com/users/ivey/subscriptions, received_events_url=https://api.github.com/users/ivey/received_events, avatar_url=https://avatars0.githubusercontent.com/u/6?v=4, events_url=https://api.github.com/users/ivey/events{/privacy}, html_url=https://github.com/ivey, site_admin=false, id=6, gravatar_id=, node_id=MDQ6VXNlcjY=, organizations_url=https://api.github.com/users/ivey/orgs}, {gists_url=https://api.github.com/users/evanphx/gists{/gist_id}, repos_url=https://api.github.com/users/evanphx/repos, following_url=https://api.github.com/users/evanphx/following{/other_user}, starred_url=https://api.github.com/users/evanphx/starred{/owner}{/repo}, login=evanphx, followers_url=https://api.github.com/users/evanphx/followers, type=User, url=https://api.github.com/users/evanphx, subscriptions_url=https://api.github.com/users/evanphx/subscriptions, received_events_url=https://api.github.com/users/evanphx/received_events, avatar_url=https://avatars0.githubusercontent.com/u/7?v=4, events_url=https://api.github.com/users/evanphx/events{/privacy}, html_url=https://github.com/evanphx, site_admin=false, id=7, gravatar_id=, node_id=MDQ6VXNlcjc=, organizations_url=https://api.github.com/users/evanphx/orgs}, {gists_url=https://api.github.com/users/vanpelt/gists{/gist_id}, repos_url=https://api.github.com/users/vanpelt/repos, following_url=https://api.github.com/users/vanpelt/following{/other_user}, starred_url=https://api.github.com/users/vanpelt/starred{/owner}{/repo}, login=vanpelt, followers_url=https://api.github.com/users/vanpelt/followers, type=User, url=https://api.github.com/users/vanpelt, subscriptions_url=https://api.github.com/users/vanpelt/subscriptions, received_events_url=https://api.github.com/users/vanpelt/received_events, avatar_url=https://avatars1.githubusercontent.com/u/17?v=4, events_url=https://api.github.com/users/vanpelt/events{/privacy}, html_url=https://github.com/vanpelt, site_admin=false, id=17, gravatar_id=, node_id=MDQ6VXNlcjE3, organizations_url=https://api.github.com/users/vanpelt/orgs}, {gists_url=https://api.github.com/users/wayneeseguin/gists{/gist_id}, repos_url=https://api.github.com/users/wayneeseguin/repos, following_url=https://api.github.com/users/wayneeseguin/following{/other_user}, starred_url=https://api.github.com/users/wayneeseguin/starred{/owner}{/repo}, login=wayneeseguin, followers_url=https://api.github.com/users/wayneeseguin/followers, type=User, url=https://api.github.com/users/wayneeseguin, subscriptions_url=https://api.github.com/users/wayneeseguin/subscriptions, received_events_url=https://api.github.com/users/wayneeseguin/received_events, avatar_url=https://avatars0.githubusercontent.com/u/18?v=4, events_url=https://api.github.com/users/wayneeseguin/events{/privacy}, html_url=https://github.com/wayneeseguin, site_admin=false, id=18, gravatar_id=, node_id=MDQ6VXNlcjE4, organizations_url=https://api.github.com/users/wayneeseguin/orgs}, {gists_url=https://api.github.com/users/brynary/gists{/gist_id}, repos_url=https://api.github.com/users/brynary/repos, following_url=https://api.github.com/users/brynary/following{/other_user}, starred_url=https://api.github.com/users/brynary/starred{/owner}{/repo}, login=brynary, followers_url=https://api.github.com/users/brynary/followers, type=User, url=https://api.github.com/users/brynary, subscriptions_url=https://api.github.com/users/brynary/subscriptions, received_events_url=https://api.github.com/users/brynary/received_events, avatar_url=https://avatars0.githubusercontent.com/u/19?v=4, events_url=https://api.github.com/users/brynary/events{/privacy}, html_url=https://github.com/brynary, site_admin=false, id=19, gravatar_id=, node_id=MDQ6VXNlcjE5, organizations_url=https://api.github.com/users/brynary/orgs}, {gists_url=https://api.github.com/users/kevinclark/gists{/gist_id}, repos_url=https://api.github.com/users/kevinclark/repos, following_url=https://api.github.com/users/kevinclark/following{/other_user}, starred_url=https://api.github.com/users/kevinclark/starred{/owner}{/repo}, login=kevinclark, followers_url=https://api.github.com/users/kevinclark/followers, type=User, url=https://api.github.com/users/kevinclark, subscriptions_url=https://api.github.com/users/kevinclark/subscriptions, received_events_url=https://api.github.com/users/kevinclark/received_events, avatar_url=https://avatars3.githubusercontent.com/u/20?v=4, events_url=https://api.github.com/users/kevinclark/events{/privacy}, html_url=https://github.com/kevinclark, site_admin=false, id=20, gravatar_id=, node_id=MDQ6VXNlcjIw, organizations_url=https://api.github.com/users/kevinclark/orgs}, {gists_url=https://api.github.com/users/technoweenie/gists{/gist_id}, repos_url=https://api.github.com/users/technoweenie/repos, following_url=https://api.github.com/users/technoweenie/following{/other_user}, starred_url=https://api.github.com/users/technoweenie/starred{/owner}{/repo}, login=technoweenie, followers_url=https://api.github.com/users/technoweenie/followers, type=User, url=https://api.github.com/users/technoweenie, subscriptions_url=https://api.github.com/users/technoweenie/subscriptions, received_events_url=https://api.github.com/users/technoweenie/received_events, avatar_url=https://avatars3.githubusercontent.com/u/21?v=4, events_url=https://api.github.com/users/technoweenie/events{/privacy}, html_url=https://github.com/technoweenie, site_admin=false, id=21, gravatar_id=, node_id=MDQ6VXNlcjIx, organizations_url=https://api.github.com/users/technoweenie/orgs}, {gists_url=https://api.github.com/users/macournoyer/gists{/gist_id}, repos_url=https://api.github.com/users/macournoyer/repos, following_url=https://api.github.com/users/macournoyer/following{/other_user}, starred_url=https://api.github.com/users/macournoyer/starred{/owner}{/repo}, login=macournoyer, followers_url=https://api.github.com/users/macournoyer/followers, type=User, url=https://api.github.com/users/macournoyer, subscriptions_url=https://api.github.com/users/macournoyer/subscriptions, received_events_url=https://api.github.com/users/macournoyer/received_events, avatar_url=https://avatars3.githubusercontent.com/u/22?v=4, events_url=https://api.github.com/users/macournoyer/events{/privacy}, html_url=https://github.com/macournoyer, site_admin=false, id=22, gravatar_id=, node_id=MDQ6VXNlcjIy, organizations_url=https://api.github.com/users/macournoyer/orgs}, {gists_url=https://api.github.com/users/takeo/gists{/gist_id}, repos_url=https://api.github.com/users/takeo/repos, following_url=https://api.github.com/users/takeo/following{/other_user}, starred_url=https://api.github.com/users/takeo/starred{/owner}{/repo}, login=takeo, followers_url=https://api.github.com/users/takeo/followers, type=User, url=https://api.github.com/users/takeo, subscriptions_url=https://api.github.com/users/takeo/subscriptions, received_events_url=https://api.github.com/users/takeo/received_events, avatar_url=https://avatars3.githubusercontent.com/u/23?v=4, events_url=https://api.github.com/users/takeo/events{/privacy}, html_url=https://github.com/takeo, site_admin=false, id=23, gravatar_id=, node_id=MDQ6VXNlcjIz, organizations_url=https://api.github.com/users/takeo/orgs}, {gists_url=https://api.github.com/users/Caged/gists{/gist_id}, repos_url=https://api.github.com/users/Caged/repos, following_url=https://api.github.com/users/Caged/following{/other_user}, starred_url=https://api.github.com/users/Caged/starred{/owner}{/repo}, login=Caged, followers_url=https://api.github.com/users/Caged/followers, type=User, url=https://api.github.com/users/Caged, subscriptions_url=https://api.github.com/users/Caged/subscriptions, received_events_url=https://api.github.com/users/Caged/received_events, avatar_url=https://avatars3.githubusercontent.com/u/25?v=4, events_url=https://api.github.com/users/Caged/events{/privacy}, html_url=https://github.com/Caged, site_admin=true, id=25, gravatar_id=, node_id=MDQ6VXNlcjI1, organizations_url=https://api.github.com/users/Caged/orgs}, {gists_url=https://api.github.com/users/topfunky/gists{/gist_id}, repos_url=https://api.github.com/users/topfunky/repos, following_url=https://api.github.com/users/topfunky/following{/other_user}, starred_url=https://api.github.com/users/topfunky/starred{/owner}{/repo}, login=topfunky, followers_url=https://api.github.com/users/topfunky/followers, type=User, url=https://api.github.com/users/topfunky, subscriptions_url=https://api.github.com/users/topfunky/subscriptions, received_events_url=https://api.github.com/users/topfunky/received_events, avatar_url=https://avatars3.githubusercontent.com/u/26?v=4, events_url=https://api.github.com/users/topfunky/events{/privacy}, html_url=https://github.com/topfunky, site_admin=false, id=26, gravatar_id=, node_id=MDQ6VXNlcjI2, organizations_url=https://api.github.com/users/topfunky/orgs}, {gists_url=https://api.github.com/users/anotherjesse/gists{/gist_id}, repos_url=https://api.github.com/users/anotherjesse/repos, following_url=https://api.github.com/users/anotherjesse/following{/other_user}, starred_url=https://api.github.com/users/anotherjesse/starred{/owner}{/repo}, login=anotherjesse, followers_url=https://api.github.com/users/anotherjesse/followers, type=User, url=https://api.github.com/users/anotherjesse, subscriptions_url=https://api.github.com/users/anotherjesse/subscriptions, received_events_url=https://api.github.com/users/anotherjesse/received_events, avatar_url=https://avatars3.githubusercontent.com/u/27?v=4, events_url=https://api.github.com/users/anotherjesse/events{/privacy}, html_url=https://github.com/anotherjesse, site_admin=false, id=27, gravatar_id=, node_id=MDQ6VXNlcjI3, organizations_url=https://api.github.com/users/anotherjesse/orgs}, {gists_url=https://api.github.com/users/roland/gists{/gist_id}, repos_url=https://api.github.com/users/roland/repos, following_url=https://api.github.com/users/roland/following{/other_user}, starred_url=https://api.github.com/users/roland/starred{/owner}{/repo}, login=roland, followers_url=https://api.github.com/users/roland/followers, type=User, url=https://api.github.com/users/roland, subscriptions_url=https://api.github.com/users/roland/subscriptions, received_events_url=https://api.github.com/users/roland/received_events, avatar_url=https://avatars2.githubusercontent.com/u/28?v=4, events_url=https://api.github.com/users/roland/events{/privacy}, html_url=https://github.com/roland, site_admin=false, id=28, gravatar_id=, node_id=MDQ6VXNlcjI4, organizations_url=https://api.github.com/users/roland/orgs}, {gists_url=https://api.github.com/users/lukas/gists{/gist_id}, repos_url=https://api.github.com/users/lukas/repos, following_url=https://api.github.com/users/lukas/following{/other_user}, starred_url=https://api.github.com/users/lukas/starred{/owner}{/repo}, login=lukas, followers_url=https://api.github.com/users/lukas/followers, type=User, url=https://api.github.com/users/lukas, subscriptions_url=https://api.github.com/users/lukas/subscriptions, received_events_url=https://api.github.com/users/lukas/received_events, avatar_url=https://avatars2.githubusercontent.com/u/29?v=4, events_url=https://api.github.com/users/lukas/events{/privacy}, html_url=https://github.com/lukas, site_admin=false, id=29, gravatar_id=, node_id=MDQ6VXNlcjI5, organizations_url=https://api.github.com/users/lukas/orgs}, {gists_url=https://api.github.com/users/fanvsfan/gists{/gist_id}, repos_url=https://api.github.com/users/fanvsfan/repos, following_url=https://api.github.com/users/fanvsfan/following{/other_user}, starred_url=https://api.github.com/users/fanvsfan/starred{/owner}{/repo}, login=fanvsfan, followers_url=https://api.github.com/users/fanvsfan/followers, type=User, url=https://api.github.com/users/fanvsfan, subscriptions_url=https://api.github.com/users/fanvsfan/subscriptions, received_events_url=https://api.github.com/users/fanvsfan/received_events, avatar_url=https://avatars2.githubusercontent.com/u/30?v=4, events_url=https://api.github.com/users/fanvsfan/events{/privacy}, html_url=https://github.com/fanvsfan, site_admin=false, id=30, gravatar_id=, node_id=MDQ6VXNlcjMw, organizations_url=https://api.github.com/users/fanvsfan/orgs}, {gists_url=https://api.github.com/users/tomtt/gists{/gist_id}, repos_url=https://api.github.com/users/tomtt/repos, following_url=https://api.github.com/users/tomtt/following{/other_user}, starred_url=https://api.github.com/users/tomtt/starred{/owner}{/repo}, login=tomtt, followers_url=https://api.github.com/users/tomtt/followers, type=User, url=https://api.github.com/users/tomtt, subscriptions_url=https://api.github.com/users/tomtt/subscriptions, received_events_url=https://api.github.com/users/tomtt/received_events, avatar_url=https://avatars2.githubusercontent.com/u/31?v=4, events_url=https://api.github.com/users/tomtt/events{/privacy}, html_url=https://github.com/tomtt, site_admin=false, id=31, gravatar_id=, node_id=MDQ6VXNlcjMx, organizations_url=https://api.github.com/users/tomtt/orgs}, {gists_url=https://api.github.com/users/railsjitsu/gists{/gist_id}, repos_url=https://api.github.com/users/railsjitsu/repos, following_url=https://api.github.com/users/railsjitsu/following{/other_user}, starred_url=https://api.github.com/users/railsjitsu/starred{/owner}{/repo}, login=railsjitsu, followers_url=https://api.github.com/users/railsjitsu/followers, type=User, url=https://api.github.com/users/railsjitsu, subscriptions_url=https://api.github.com/users/railsjitsu/subscriptions, received_events_url=https://api.github.com/users/railsjitsu/received_events, avatar_url=https://avatars2.githubusercontent.com/u/32?v=4, events_url=https://api.github.com/users/railsjitsu/events{/privacy}, html_url=https://github.com/railsjitsu, site_admin=false, id=32, gravatar_id=, node_id=MDQ6VXNlcjMy, organizations_url=https://api.github.com/users/railsjitsu/orgs}, {gists_url=https://api.github.com/users/nitay/gists{/gist_id}, repos_url=https://api.github.com/users/nitay/repos, following_url=https://api.github.com/users/nitay/following{/other_user}, starred_url=https://api.github.com/users/nitay/starred{/owner}{/repo}, login=nitay, followers_url=https://api.github.com/users/nitay/followers, type=User, url=https://api.github.com/users/nitay, subscriptions_url=https://api.github.com/users/nitay/subscriptions, received_events_url=https://api.github.com/users/nitay/received_events, avatar_url=https://avatars2.githubusercontent.com/u/34?v=4, events_url=https://api.github.com/users/nitay/events{/privacy}, html_url=https://github.com/nitay, site_admin=false, id=34, gravatar_id=, node_id=MDQ6VXNlcjM0, organizations_url=https://api.github.com/users/nitay/orgs}, {gists_url=https://api.github.com/users/kevwil/gists{/gist_id}, repos_url=https://api.github.com/users/kevwil/repos, following_url=https://api.github.com/users/kevwil/following{/other_user}, starred_url=https://api.github.com/users/kevwil/starred{/owner}{/repo}, login=kevwil, followers_url=https://api.github.com/users/kevwil/followers, type=User, url=https://api.github.com/users/kevwil, subscriptions_url=https://api.github.com/users/kevwil/subscriptions, received_events_url=https://api.github.com/users/kevwil/received_events, avatar_url=https://avatars2.githubusercontent.com/u/35?v=4, events_url=https://api.github.com/users/kevwil/events{/privacy}, html_url=https://github.com/kevwil, site_admin=false, id=35, gravatar_id=, node_id=MDQ6VXNlcjM1, organizations_url=https://api.github.com/users/kevwil/orgs}, {gists_url=https://api.github.com/users/KirinDave/gists{/gist_id}, repos_url=https://api.github.com/users/KirinDave/repos, following_url=https://api.github.com/users/KirinDave/following{/other_user}, starred_url=https://api.github.com/users/KirinDave/starred{/owner}{/repo}, login=KirinDave, followers_url=https://api.github.com/users/KirinDave/followers, type=User, url=https://api.github.com/users/KirinDave, subscriptions_url=https://api.github.com/users/KirinDave/subscriptions, received_events_url=https://api.github.com/users/KirinDave/received_events, avatar_url=https://avatars2.githubusercontent.com/u/36?v=4, events_url=https://api.github.com/users/KirinDave/events{/privacy}, html_url=https://github.com/KirinDave, site_admin=false, id=36, gravatar_id=, node_id=MDQ6VXNlcjM2, organizations_url=https://api.github.com/users/KirinDave/orgs}, {gists_url=https://api.github.com/users/jamesgolick/gists{/gist_id}, repos_url=https://api.github.com/users/jamesgolick/repos, following_url=https://api.github.com/users/jamesgolick/following{/other_user}, starred_url=https://api.github.com/users/jamesgolick/starred{/owner}{/repo}, login=jamesgolick, followers_url=https://api.github.com/users/jamesgolick/followers, type=User, url=https://api.github.com/users/jamesgolick, subscriptions_url=https://api.github.com/users/jamesgolick/subscriptions, received_events_url=https://api.github.com/users/jamesgolick/received_events, avatar_url=https://avatars2.githubusercontent.com/u/37?v=4, events_url=https://api.github.com/users/jamesgolick/events{/privacy}, html_url=https://github.com/jamesgolick, site_admin=false, id=37, gravatar_id=, node_id=MDQ6VXNlcjM3, organizations_url=https://api.github.com/users/jamesgolick/orgs}, {gists_url=https://api.github.com/users/atmos/gists{/gist_id}, repos_url=https://api.github.com/users/atmos/repos, following_url=https://api.github.com/users/atmos/following{/other_user}, starred_url=https://api.github.com/users/atmos/starred{/owner}{/repo}, login=atmos, followers_url=https://api.github.com/users/atmos/followers, type=User, url=https://api.github.com/users/atmos, subscriptions_url=https://api.github.com/users/atmos/subscriptions, received_events_url=https://api.github.com/users/atmos/received_events, avatar_url=https://avatars3.githubusercontent.com/u/38?v=4, events_url=https://api.github.com/users/atmos/events{/privacy}, html_url=https://github.com/atmos, site_admin=false, id=38, gravatar_id=, node_id=MDQ6VXNlcjM4, organizations_url=https://api.github.com/users/atmos/orgs}, {gists_url=https://api.github.com/users/errfree/gists{/gist_id}, repos_url=https://api.github.com/users/errfree/repos, following_url=https://api.github.com/users/errfree/following{/other_user}, starred_url=https://api.github.com/users/errfree/starred{/owner}{/repo}, login=errfree, followers_url=https://api.github.com/users/errfree/followers, type=Organization, url=https://api.github.com/users/errfree, subscriptions_url=https://api.github.com/users/errfree/subscriptions, received_events_url=https://api.github.com/users/errfree/received_events, avatar_url=https://avatars2.githubusercontent.com/u/44?v=4, events_url=https://api.github.com/users/errfree/events{/privacy}, html_url=https://github.com/errfree, site_admin=false, id=44, gravatar_id=, node_id=MDEyOk9yZ2FuaXphdGlvbjQ0, organizations_url=https://api.github.com/users/errfree/orgs}, {gists_url=https://api.github.com/users/mojodna/gists{/gist_id}, repos_url=https://api.github.com/users/mojodna/repos, following_url=https://api.github.com/users/mojodna/following{/other_user}, starred_url=https://api.github.com/users/mojodna/starred{/owner}{/repo}, login=mojodna, followers_url=https://api.github.com/users/mojodna/followers, type=User, url=https://api.github.com/users/mojodna, subscriptions_url=https://api.github.com/users/mojodna/subscriptions, received_events_url=https://api.github.com/users/mojodna/received_events, avatar_url=https://avatars2.githubusercontent.com/u/45?v=4, events_url=https://api.github.com/users/mojodna/events{/privacy}, html_url=https://github.com/mojodna, site_admin=false, id=45, gravatar_id=, node_id=MDQ6VXNlcjQ1, organizations_url=https://api.github.com/users/mojodna/orgs}, {gists_url=https://api.github.com/users/bmizerany/gists{/gist_id}, repos_url=https://api.github.com/users/bmizerany/repos, following_url=https://api.github.com/users/bmizerany/following{/other_user}, starred_url=https://api.github.com/users/bmizerany/starred{/owner}{/repo}, login=bmizerany, followers_url=https://api.github.com/users/bmizerany/followers, type=User, url=https://api.github.com/users/bmizerany, subscriptions_url=https://api.github.com/users/bmizerany/subscriptions, received_events_url=https://api.github.com/users/bmizerany/received_events, avatar_url=https://avatars2.githubusercontent.com/u/46?v=4, events_url=https://api.github.com/users/bmizerany/events{/privacy}, html_url=https://github.com/bmizerany, site_admin=false, id=46, gravatar_id=, node_id=MDQ6VXNlcjQ2, organizations_url=https://api.github.com/users/bmizerany/orgs}]
">
      <![CDATA[java.lang.AssertionError: 1 expectation failed.
JSON path $ doesn't match.
Expected: a collection with size <46>
  Actual: [{gists_url=https://api.github.com/users/mojombo/gists{/gist_id}, repos_url=https://api.github.com/users/mojombo/repos, following_url=https://api.github.com/users/mojombo/following{/other_user}, starred_url=https://api.github.com/users/mojombo/starred{/owner}{/repo}, login=mojombo, followers_url=https://api.github.com/users/mojombo/followers, type=User, url=https://api.github.com/users/mojombo, subscriptions_url=https://api.github.com/users/mojombo/subscriptions, received_events_url=https://api.github.com/users/mojombo/received_events, avatar_url=https://avatars0.githubusercontent.com/u/1?v=4, events_url=https://api.github.com/users/mojombo/events{/privacy}, html_url=https://github.com/mojombo, site_admin=false, id=1, gravatar_id=, node_id=MDQ6VXNlcjE=, organizations_url=https://api.github.com/users/mojombo/orgs}, {gists_url=https://api.github.com/users/defunkt/gists{/gist_id}, repos_url=https://api.github.com/users/defunkt/repos, following_url=https://api.github.com/users/defunkt/following{/other_user}, starred_url=https://api.github.com/users/defunkt/starred{/owner}{/repo}, login=defunkt, followers_url=https://api.github.com/users/defunkt/followers, type=User, url=https://api.github.com/users/defunkt, subscriptions_url=https://api.github.com/users/defunkt/subscriptions, received_events_url=https://api.github.com/users/defunkt/received_events, avatar_url=https://avatars0.githubusercontent.com/u/2?v=4, events_url=https://api.github.com/users/defunkt/events{/privacy}, html_url=https://github.com/defunkt, site_admin=false, id=2, gravatar_id=, node_id=MDQ6VXNlcjI=, organizations_url=https://api.github.com/users/defunkt/orgs}, {gists_url=https://api.github.com/users/pjhyett/gists{/gist_id}, repos_url=https://api.github.com/users/pjhyett/repos, following_url=https://api.github.com/users/pjhyett/following{/other_user}, starred_url=https://api.github.com/users/pjhyett/starred{/owner}{/repo}, login=pjhyett, followers_url=https://api.github.com/users/pjhyett/followers, type=User, url=https://api.github.com/users/pjhyett, subscriptions_url=https://api.github.com/users/pjhyett/subscriptions, received_events_url=https://api.github.com/users/pjhyett/received_events, avatar_url=https://avatars0.githubusercontent.com/u/3?v=4, events_url=https://api.github.com/users/pjhyett/events{/privacy}, html_url=https://github.com/pjhyett, site_admin=false, id=3, gravatar_id=, node_id=MDQ6VXNlcjM=, organizations_url=https://api.github.com/users/pjhyett/orgs}, {gists_url=https://api.github.com/users/wycats/gists{/gist_id}, repos_url=https://api.github.com/users/wycats/repos, following_url=https://api.github.com/users/wycats/following{/other_user}, starred_url=https://api.github.com/users/wycats/starred{/owner}{/repo}, login=wycats, followers_url=https://api.github.com/users/wycats/followers, type=User, url=https://api.github.com/users/wycats, subscriptions_url=https://api.github.com/users/wycats/subscriptions, received_events_url=https://api.github.com/users/wycats/received_events, avatar_url=https://avatars0.githubusercontent.com/u/4?v=4, events_url=https://api.github.com/users/wycats/events{/privacy}, html_url=https://github.com/wycats, site_admin=false, id=4, gravatar_id=, node_id=MDQ6VXNlcjQ=, organizations_url=https://api.github.com/users/wycats/orgs}, {gists_url=https://api.github.com/users/ezmobius/gists{/gist_id}, repos_url=https://api.github.com/users/ezmobius/repos, following_url=https://api.github.com/users/ezmobius/following{/other_user}, starred_url=https://api.github.com/users/ezmobius/starred{/owner}{/repo}, login=ezmobius, followers_url=https://api.github.com/users/ezmobius/followers, type=User, url=https://api.github.com/users/ezmobius, subscriptions_url=https://api.github.com/users/ezmobius/subscriptions, received_events_url=https://api.github.com/users/ezmobius/received_events, avatar_url=https://avatars0.githubusercontent.com/u/5?v=4, events_url=https://api.github.com/users/ezmobius/events{/privacy}, html_url=https://github.com/ezmobius, site_admin=false, id=5, gravatar_id=, node_id=MDQ6VXNlcjU=, organizations_url=https://api.github.com/users/ezmobius/orgs}, {gists_url=https://api.github.com/users/ivey/gists{/gist_id}, repos_url=https://api.github.com/users/ivey/repos, following_url=https://api.github.com/users/ivey/following{/other_user}, starred_url=https://api.github.com/users/ivey/starred{/owner}{/repo}, login=ivey, followers_url=https://api.github.com/users/ivey/followers, type=User, url=https://api.github.com/users/ivey, subscriptions_url=https://api.github.com/users/ivey/subscriptions, received_events_url=https://api.github.com/users/ivey/received_events, avatar_url=https://avatars0.githubusercontent.com/u/6?v=4, events_url=https://api.github.com/users/ivey/events{/privacy}, html_url=https://github.com/ivey, site_admin=false, id=6, gravatar_id=, node_id=MDQ6VXNlcjY=, organizations_url=https://api.github.com/users/ivey/orgs}, {gists_url=https://api.github.com/users/evanphx/gists{/gist_id}, repos_url=https://api.github.com/users/evanphx/repos, following_url=https://api.github.com/users/evanphx/following{/other_user}, starred_url=https://api.github.com/users/evanphx/starred{/owner}{/repo}, login=evanphx, followers_url=https://api.github.com/users/evanphx/followers, type=User, url=https://api.github.com/users/evanphx, subscriptions_url=https://api.github.com/users/evanphx/subscriptions, received_events_url=https://api.github.com/users/evanphx/received_events, avatar_url=https://avatars0.githubusercontent.com/u/7?v=4, events_url=https://api.github.com/users/evanphx/events{/privacy}, html_url=https://github.com/evanphx, site_admin=false, id=7, gravatar_id=, node_id=MDQ6VXNlcjc=, organizations_url=https://api.github.com/users/evanphx/orgs}, {gists_url=https://api.github.com/users/vanpelt/gists{/gist_id}, repos_url=https://api.github.com/users/vanpelt/repos, following_url=https://api.github.com/users/vanpelt/following{/other_user}, starred_url=https://api.github.com/users/vanpelt/starred{/owner}{/repo}, login=vanpelt, followers_url=https://api.github.com/users/vanpelt/followers, type=User, url=https://api.github.com/users/vanpelt, subscriptions_url=https://api.github.com/users/vanpelt/subscriptions, received_events_url=https://api.github.com/users/vanpelt/received_events, avatar_url=https://avatars1.githubusercontent.com/u/17?v=4, events_url=https://api.github.com/users/vanpelt/events{/privacy}, html_url=https://github.com/vanpelt, site_admin=false, id=17, gravatar_id=, node_id=MDQ6VXNlcjE3, organizations_url=https://api.github.com/users/vanpelt/orgs}, {gists_url=https://api.github.com/users/wayneeseguin/gists{/gist_id}, repos_url=https://api.github.com/users/wayneeseguin/repos, following_url=https://api.github.com/users/wayneeseguin/following{/other_user}, starred_url=https://api.github.com/users/wayneeseguin/starred{/owner}{/repo}, login=wayneeseguin, followers_url=https://api.github.com/users/wayneeseguin/followers, type=User, url=https://api.github.com/users/wayneeseguin, subscriptions_url=https://api.github.com/users/wayneeseguin/subscriptions, received_events_url=https://api.github.com/users/wayneeseguin/received_events, avatar_url=https://avatars0.githubusercontent.com/u/18?v=4, events_url=https://api.github.com/users/wayneeseguin/events{/privacy}, html_url=https://github.com/wayneeseguin, site_admin=false, id=18, gravatar_id=, node_id=MDQ6VXNlcjE4, organizations_url=https://api.github.com/users/wayneeseguin/orgs}, {gists_url=https://api.github.com/users/brynary/gists{/gist_id}, repos_url=https://api.github.com/users/brynary/repos, following_url=https://api.github.com/users/brynary/following{/other_user}, starred_url=https://api.github.com/users/brynary/starred{/owner}{/repo}, login=brynary, followers_url=https://api.github.com/users/brynary/followers, type=User, url=https://api.github.com/users/brynary, subscriptions_url=https://api.github.com/users/brynary/subscriptions, received_events_url=https://api.github.com/users/brynary/received_events, avatar_url=https://avatars0.githubusercontent.com/u/19?v=4, events_url=https://api.github.com/users/brynary/events{/privacy}, html_url=https://github.com/brynary, site_admin=false, id=19, gravatar_id=, node_id=MDQ6VXNlcjE5, organizations_url=https://api.github.com/users/brynary/orgs}, {gists_url=https://api.github.com/users/kevinclark/gists{/gist_id}, repos_url=https://api.github.com/users/kevinclark/repos, following_url=https://api.github.com/users/kevinclark/following{/other_user}, starred_url=https://api.github.com/users/kevinclark/starred{/owner}{/repo}, login=kevinclark, followers_url=https://api.github.com/users/kevinclark/followers, type=User, url=https://api.github.com/users/kevinclark, subscriptions_url=https://api.github.com/users/kevinclark/subscriptions, received_events_url=https://api.github.com/users/kevinclark/received_events, avatar_url=https://avatars3.githubusercontent.com/u/20?v=4, events_url=https://api.github.com/users/kevinclark/events{/privacy}, html_url=https://github.com/kevinclark, site_admin=false, id=20, gravatar_id=, node_id=MDQ6VXNlcjIw, organizations_url=https://api.github.com/users/kevinclark/orgs}, {gists_url=https://api.github.com/users/technoweenie/gists{/gist_id}, repos_url=https://api.github.com/users/technoweenie/repos, following_url=https://api.github.com/users/technoweenie/following{/other_user}, starred_url=https://api.github.com/users/technoweenie/starred{/owner}{/repo}, login=technoweenie, followers_url=https://api.github.com/users/technoweenie/followers, type=User, url=https://api.github.com/users/technoweenie, subscriptions_url=https://api.github.com/users/technoweenie/subscriptions, received_events_url=https://api.github.com/users/technoweenie/received_events, avatar_url=https://avatars3.githubusercontent.com/u/21?v=4, events_url=https://api.github.com/users/technoweenie/events{/privacy}, html_url=https://github.com/technoweenie, site_admin=false, id=21, gravatar_id=, node_id=MDQ6VXNlcjIx, organizations_url=https://api.github.com/users/technoweenie/orgs}, {gists_url=https://api.github.com/users/macournoyer/gists{/gist_id}, repos_url=https://api.github.com/users/macournoyer/repos, following_url=https://api.github.com/users/macournoyer/following{/other_user}, starred_url=https://api.github.com/users/macournoyer/starred{/owner}{/repo}, login=macournoyer, followers_url=https://api.github.com/users/macournoyer/followers, type=User, url=https://api.github.com/users/macournoyer, subscriptions_url=https://api.github.com/users/macournoyer/subscriptions, received_events_url=https://api.github.com/users/macournoyer/received_events, avatar_url=https://avatars3.githubusercontent.com/u/22?v=4, events_url=https://api.github.com/users/macournoyer/events{/privacy}, html_url=https://github.com/macournoyer, site_admin=false, id=22, gravatar_id=, node_id=MDQ6VXNlcjIy, organizations_url=https://api.github.com/users/macournoyer/orgs}, {gists_url=https://api.github.com/users/takeo/gists{/gist_id}, repos_url=https://api.github.com/users/takeo/repos, following_url=https://api.github.com/users/takeo/following{/other_user}, starred_url=https://api.github.com/users/takeo/starred{/owner}{/repo}, login=takeo, followers_url=https://api.github.com/users/takeo/followers, type=User, url=https://api.github.com/users/takeo, subscriptions_url=https://api.github.com/users/takeo/subscriptions, received_events_url=https://api.github.com/users/takeo/received_events, avatar_url=https://avatars3.githubusercontent.com/u/23?v=4, events_url=https://api.github.com/users/takeo/events{/privacy}, html_url=https://github.com/takeo, site_admin=false, id=23, gravatar_id=, node_id=MDQ6VXNlcjIz, organizations_url=https://api.github.com/users/takeo/orgs}, {gists_url=https://api.github.com/users/Caged/gists{/gist_id}, repos_url=https://api.github.com/users/Caged/repos, following_url=https://api.github.com/users/Caged/following{/other_user}, starred_url=https://api.github.com/users/Caged/starred{/owner}{/repo}, login=Caged, followers_url=https://api.github.com/users/Caged/followers, type=User, url=https://api.github.com/users/Caged, subscriptions_url=https://api.github.com/users/Caged/subscriptions, received_events_url=https://api.github.com/users/Caged/received_events, avatar_url=https://avatars3.githubusercontent.com/u/25?v=4, events_url=https://api.github.com/users/Caged/events{/privacy}, html_url=https://github.com/Caged, site_admin=true, id=25, gravatar_id=, node_id=MDQ6VXNlcjI1, organizations_url=https://api.github.com/users/Caged/orgs}, {gists_url=https://api.github.com/users/topfunky/gists{/gist_id}, repos_url=https://api.github.com/users/topfunky/repos, following_url=https://api.github.com/users/topfunky/following{/other_user}, starred_url=https://api.github.com/users/topfunky/starred{/owner}{/repo}, login=topfunky, followers_url=https://api.github.com/users/topfunky/followers, type=User, url=https://api.github.com/users/topfunky, subscriptions_url=https://api.github.com/users/topfunky/subscriptions, received_events_url=https://api.github.com/users/topfunky/received_events, avatar_url=https://avatars3.githubusercontent.com/u/26?v=4, events_url=https://api.github.com/users/topfunky/events{/privacy}, html_url=https://github.com/topfunky, site_admin=false, id=26, gravatar_id=, node_id=MDQ6VXNlcjI2, organizations_url=https://api.github.com/users/topfunky/orgs}, {gists_url=https://api.github.com/users/anotherjesse/gists{/gist_id}, repos_url=https://api.github.com/users/anotherjesse/repos, following_url=https://api.github.com/users/anotherjesse/following{/other_user}, starred_url=https://api.github.com/users/anotherjesse/starred{/owner}{/repo}, login=anotherjesse, followers_url=https://api.github.com/users/anotherjesse/followers, type=User, url=https://api.github.com/users/anotherjesse, subscriptions_url=https://api.github.com/users/anotherjesse/subscriptions, received_events_url=https://api.github.com/users/anotherjesse/received_events, avatar_url=https://avatars3.githubusercontent.com/u/27?v=4, events_url=https://api.github.com/users/anotherjesse/events{/privacy}, html_url=https://github.com/anotherjesse, site_admin=false, id=27, gravatar_id=, node_id=MDQ6VXNlcjI3, organizations_url=https://api.github.com/users/anotherjesse/orgs}, {gists_url=https://api.github.com/users/roland/gists{/gist_id}, repos_url=https://api.github.com/users/roland/repos, following_url=https://api.github.com/users/roland/following{/other_user}, starred_url=https://api.github.com/users/roland/starred{/owner}{/repo}, login=roland, followers_url=https://api.github.com/users/roland/followers, type=User, url=https://api.github.com/users/roland, subscriptions_url=https://api.github.com/users/roland/subscriptions, received_events_url=https://api.github.com/users/roland/received_events, avatar_url=https://avatars2.githubusercontent.com/u/28?v=4, events_url=https://api.github.com/users/roland/events{/privacy}, html_url=https://github.com/roland, site_admin=false, id=28, gravatar_id=, node_id=MDQ6VXNlcjI4, organizations_url=https://api.github.com/users/roland/orgs}, {gists_url=https://api.github.com/users/lukas/gists{/gist_id}, repos_url=https://api.github.com/users/lukas/repos, following_url=https://api.github.com/users/lukas/following{/other_user}, starred_url=https://api.github.com/users/lukas/starred{/owner}{/repo}, login=lukas, followers_url=https://api.github.com/users/lukas/followers, type=User, url=https://api.github.com/users/lukas, subscriptions_url=https://api.github.com/users/lukas/subscriptions, received_events_url=https://api.github.com/users/lukas/received_events, avatar_url=https://avatars2.githubusercontent.com/u/29?v=4, events_url=https://api.github.com/users/lukas/events{/privacy}, html_url=https://github.com/lukas, site_admin=false, id=29, gravatar_id=, node_id=MDQ6VXNlcjI5, organizations_url=https://api.github.com/users/lukas/orgs}, {gists_url=https://api.github.com/users/fanvsfan/gists{/gist_id}, repos_url=https://api.github.com/users/fanvsfan/repos, following_url=https://api.github.com/users/fanvsfan/following{/other_user}, starred_url=https://api.github.com/users/fanvsfan/starred{/owner}{/repo}, login=fanvsfan, followers_url=https://api.github.com/users/fanvsfan/followers, type=User, url=https://api.github.com/users/fanvsfan, subscriptions_url=https://api.github.com/users/fanvsfan/subscriptions, received_events_url=https://api.github.com/users/fanvsfan/received_events, avatar_url=https://avatars2.githubusercontent.com/u/30?v=4, events_url=https://api.github.com/users/fanvsfan/events{/privacy}, html_url=https://github.com/fanvsfan, site_admin=false, id=30, gravatar_id=, node_id=MDQ6VXNlcjMw, organizations_url=https://api.github.com/users/fanvsfan/orgs}, {gists_url=https://api.github.com/users/tomtt/gists{/gist_id}, repos_url=https://api.github.com/users/tomtt/repos, following_url=https://api.github.com/users/tomtt/following{/other_user}, starred_url=https://api.github.com/users/tomtt/starred{/owner}{/repo}, login=tomtt, followers_url=https://api.github.com/users/tomtt/followers, type=User, url=https://api.github.com/users/tomtt, subscriptions_url=https://api.github.com/users/tomtt/subscriptions, received_events_url=https://api.github.com/users/tomtt/received_events, avatar_url=https://avatars2.githubusercontent.com/u/31?v=4, events_url=https://api.github.com/users/tomtt/events{/privacy}, html_url=https://github.com/tomtt, site_admin=false, id=31, gravatar_id=, node_id=MDQ6VXNlcjMx, organizations_url=https://api.github.com/users/tomtt/orgs}, {gists_url=https://api.github.com/users/railsjitsu/gists{/gist_id}, repos_url=https://api.github.com/users/railsjitsu/repos, following_url=https://api.github.com/users/railsjitsu/following{/other_user}, starred_url=https://api.github.com/users/railsjitsu/starred{/owner}{/repo}, login=railsjitsu, followers_url=https://api.github.com/users/railsjitsu/followers, type=User, url=https://api.github.com/users/railsjitsu, subscriptions_url=https://api.github.com/users/railsjitsu/subscriptions, received_events_url=https://api.github.com/users/railsjitsu/received_events, avatar_url=https://avatars2.githubusercontent.com/u/32?v=4, events_url=https://api.github.com/users/railsjitsu/events{/privacy}, html_url=https://github.com/railsjitsu, site_admin=false, id=32, gravatar_id=, node_id=MDQ6VXNlcjMy, organizations_url=https://api.github.com/users/railsjitsu/orgs}, {gists_url=https://api.github.com/users/nitay/gists{/gist_id}, repos_url=https://api.github.com/users/nitay/repos, following_url=https://api.github.com/users/nitay/following{/other_user}, starred_url=https://api.github.com/users/nitay/starred{/owner}{/repo}, login=nitay, followers_url=https://api.github.com/users/nitay/followers, type=User, url=https://api.github.com/users/nitay, subscriptions_url=https://api.github.com/users/nitay/subscriptions, received_events_url=https://api.github.com/users/nitay/received_events, avatar_url=https://avatars2.githubusercontent.com/u/34?v=4, events_url=https://api.github.com/users/nitay/events{/privacy}, html_url=https://github.com/nitay, site_admin=false, id=34, gravatar_id=, node_id=MDQ6VXNlcjM0, organizations_url=https://api.github.com/users/nitay/orgs}, {gists_url=https://api.github.com/users/kevwil/gists{/gist_id}, repos_url=https://api.github.com/users/kevwil/repos, following_url=https://api.github.com/users/kevwil/following{/other_user}, starred_url=https://api.github.com/users/kevwil/starred{/owner}{/repo}, login=kevwil, followers_url=https://api.github.com/users/kevwil/followers, type=User, url=https://api.github.com/users/kevwil, subscriptions_url=https://api.github.com/users/kevwil/subscriptions, received_events_url=https://api.github.com/users/kevwil/received_events, avatar_url=https://avatars2.githubusercontent.com/u/35?v=4, events_url=https://api.github.com/users/kevwil/events{/privacy}, html_url=https://github.com/kevwil, site_admin=false, id=35, gravatar_id=, node_id=MDQ6VXNlcjM1, organizations_url=https://api.github.com/users/kevwil/orgs}, {gists_url=https://api.github.com/users/KirinDave/gists{/gist_id}, repos_url=https://api.github.com/users/KirinDave/repos, following_url=https://api.github.com/users/KirinDave/following{/other_user}, starred_url=https://api.github.com/users/KirinDave/starred{/owner}{/repo}, login=KirinDave, followers_url=https://api.github.com/users/KirinDave/followers, type=User, url=https://api.github.com/users/KirinDave, subscriptions_url=https://api.github.com/users/KirinDave/subscriptions, received_events_url=https://api.github.com/users/KirinDave/received_events, avatar_url=https://avatars2.githubusercontent.com/u/36?v=4, events_url=https://api.github.com/users/KirinDave/events{/privacy}, html_url=https://github.com/KirinDave, site_admin=false, id=36, gravatar_id=, node_id=MDQ6VXNlcjM2, organizations_url=https://api.github.com/users/KirinDave/orgs}, {gists_url=https://api.github.com/users/jamesgolick/gists{/gist_id}, repos_url=https://api.github.com/users/jamesgolick/repos, following_url=https://api.github.com/users/jamesgolick/following{/other_user}, starred_url=https://api.github.com/users/jamesgolick/starred{/owner}{/repo}, login=jamesgolick, followers_url=https://api.github.com/users/jamesgolick/followers, type=User, url=https://api.github.com/users/jamesgolick, subscriptions_url=https://api.github.com/users/jamesgolick/subscriptions, received_events_url=https://api.github.com/users/jamesgolick/received_events, avatar_url=https://avatars2.githubusercontent.com/u/37?v=4, events_url=https://api.github.com/users/jamesgolick/events{/privacy}, html_url=https://github.com/jamesgolick, site_admin=false, id=37, gravatar_id=, node_id=MDQ6VXNlcjM3, organizations_url=https://api.github.com/users/jamesgolick/orgs}, {gists_url=https://api.github.com/users/atmos/gists{/gist_id}, repos_url=https://api.github.com/users/atmos/repos, following_url=https://api.github.com/users/atmos/following{/other_user}, starred_url=https://api.github.com/users/atmos/starred{/owner}{/repo}, login=atmos, followers_url=https://api.github.com/users/atmos/followers, type=User, url=https://api.github.com/users/atmos, subscriptions_url=https://api.github.com/users/atmos/subscriptions, received_events_url=https://api.github.com/users/atmos/received_events, avatar_url=https://avatars3.githubusercontent.com/u/38?v=4, events_url=https://api.github.com/users/atmos/events{/privacy}, html_url=https://github.com/atmos, site_admin=false, id=38, gravatar_id=, node_id=MDQ6VXNlcjM4, organizations_url=https://api.github.com/users/atmos/orgs}, {gists_url=https://api.github.com/users/errfree/gists{/gist_id}, repos_url=https://api.github.com/users/errfree/repos, following_url=https://api.github.com/users/errfree/following{/other_user}, starred_url=https://api.github.com/users/errfree/starred{/owner}{/repo}, login=errfree, followers_url=https://api.github.com/users/errfree/followers, type=Organization, url=https://api.github.com/users/errfree, subscriptions_url=https://api.github.com/users/errfree/subscriptions, received_events_url=https://api.github.com/users/errfree/received_events, avatar_url=https://avatars2.githubusercontent.com/u/44?v=4, events_url=https://api.github.com/users/errfree/events{/privacy}, html_url=https://github.com/errfree, site_admin=false, id=44, gravatar_id=, node_id=MDEyOk9yZ2FuaXphdGlvbjQ0, organizations_url=https://api.github.com/users/errfree/orgs}, {gists_url=https://api.github.com/users/mojodna/gists{/gist_id}, repos_url=https://api.github.com/users/mojodna/repos, following_url=https://api.github.com/users/mojodna/following{/other_user}, starred_url=https://api.github.com/users/mojodna/starred{/owner}{/repo}, login=mojodna, followers_url=https://api.github.com/users/mojodna/followers, type=User, url=https://api.github.com/users/mojodna, subscriptions_url=https://api.github.com/users/mojodna/subscriptions, received_events_url=https://api.github.com/users/mojodna/received_events, avatar_url=https://avatars2.githubusercontent.com/u/45?v=4, events_url=https://api.github.com/users/mojodna/events{/privacy}, html_url=https://github.com/mojodna, site_admin=false, id=45, gravatar_id=, node_id=MDQ6VXNlcjQ1, organizations_url=https://api.github.com/users/mojodna/orgs}, {gists_url=https://api.github.com/users/bmizerany/gists{/gist_id}, repos_url=https://api.github.com/users/bmizerany/repos, following_url=https://api.github.com/users/bmizerany/following{/other_user}, starred_url=https://api.github.com/users/bmizerany/starred{/owner}{/repo}, login=bmizerany, followers_url=https://api.github.com/users/bmizerany/followers, type=User, url=https://api.github.com/users/bmizerany, subscriptions_url=https://api.github.com/users/bmizerany/subscriptions, received_events_url=https://api.github.com/users/bmizerany/received_events, avatar_url=https://avatars2.githubusercontent.com/u/46?v=4, events_url=https://api.github.com/users/bmizerany/events{/privacy}, html_url=https://github.com/bmizerany, site_admin=false, id=46, gravatar_id=, node_id=MDQ6VXNlcjQ2, organizations_url=https://api.github.com/users/bmizerany/orgs}]

at sun.reflect.NativeConstructorAccessorImpl.newInstance0(Native Method)
at sun.reflect.NativeConstructorAccessorImpl.newInstance(NativeConstructorAccessorImpl.java:62)
at sun.reflect.DelegatingConstructorAccessorImpl.newInstance(DelegatingConstructorAccessorImpl.java:45)
at java.lang.reflect.Constructor.newInstance(Constructor.java:423)
at org.codehaus.groovy.reflection.CachedConstructor.invoke(CachedConstructor.java:83)
at org.codehaus.groovy.reflection.CachedConstructor.doConstructorInvoke(CachedConstructor.java:77)
at org.codehaus.groovy.runtime.callsite.ConstructorSite$ConstructorSiteNoUnwrap.callConstructor(ConstructorSite.java:84)
at org.codehaus.groovy.runtime.callsite.CallSiteArray.defaultCallConstructor(CallSiteArray.java:60)
at org.codehaus.groovy.runtime.callsite.AbstractCallSite.callConstructor(AbstractCallSite.java:235)
at org.codehaus.groovy.runtime.callsite.AbstractCallSite.callConstructor(AbstractCallSite.java:247)
at io.restassured.internal.ResponseSpecificationImpl$HamcrestAssertionClosure.validate(ResponseSpecificationImpl.groovy:482)
at io.restassured.internal.ResponseSpecificationImpl$HamcrestAssertionClosure$validate$1.call(Unknown Source)
at io.restassured.internal.ResponseSpecificationImpl.validateResponseIfRequired(ResponseSpecificationImpl.groovy:654)
at sun.reflect.NativeMethodAccessorImpl.invoke0(Native Method)
at sun.reflect.NativeMethodAccessorImpl.invoke(NativeMethodAccessorImpl.java:62)
at sun.reflect.DelegatingMethodAccessorImpl.invoke(DelegatingMethodAccessorImpl.java:43)
at java.lang.reflect.Method.invoke(Method.java:498)
at org.codehaus.groovy.runtime.callsite.PogoMetaMethodSite$PogoCachedMethodSiteNoUnwrapNoCoerce.invoke(PogoMetaMethodSite.java:210)
at org.codehaus.groovy.runtime.callsite.PogoMetaMethodSite.callCurrent(PogoMetaMethodSite.java:59)
at org.codehaus.groovy.runtime.callsite.CallSiteArray.defaultCallCurrent(CallSiteArray.java:52)
at org.codehaus.groovy.runtime.callsite.AbstractCallSite.callCurrent(AbstractCallSite.java:154)
at org.codehaus.groovy.runtime.callsite.AbstractCallSite.callCurrent(AbstractCallSite.java:166)
at io.restassured.internal.ResponseSpecificationImpl.content(ResponseSpecificationImpl.groovy:276)
at io.restassured.specification.ResponseSpecification$content$1.callCurrent(Unknown Source)
at org.codehaus.groovy.runtime.callsite.CallSiteArray.defaultCallCurrent(CallSiteArray.java:52)
at org.codehaus.groovy.runtime.callsite.AbstractCallSite.callCurrent(AbstractCallSite.java:154)
at org.codehaus.groovy.runtime.callsite.AbstractCallSite.callCurrent(AbstractCallSite.java:190)
at io.restassured.internal.ResponseSpecificationImpl.body(ResponseSpecificationImpl.groovy:259)
at io.restassured.internal.ValidatableResponseOptionsImpl.body(ValidatableResponseOptionsImpl.java:274)
at com.app.tests.APIDay3JsonPath.testItemsCountFromREsponseBody(APIDay3JsonPath.java:30)
at sun.reflect.NativeMethodAccessorImpl.invoke0(Native Method)
at sun.reflect.NativeMethodAccessorImpl.invoke(NativeMethodAccessorImpl.java:62)
at sun.reflect.DelegatingMethodAccessorImpl.invoke(DelegatingMethodAccessorImpl.java:43)
at java.lang.reflect.Method.invoke(Method.java:498)
at org.testng.internal.MethodInvocationHelper.invokeMethod(MethodInvocationHelper.java:124)
at org.testng.internal.Invoker.invokeMethod(Invoker.java:583)
at org.testng.internal.Invoker.invokeTestMethod(Invoker.java:719)
at org.testng.internal.Invoker.invokeTestMethods(Invoker.java:989)
at org.testng.internal.TestMethodWorker.invokeTestMethods(TestMethodWorker.java:125)
at org.testng.internal.TestMethodWorker.run(TestMethodWorker.java:109)
at org.testng.TestRunner.privateRun(TestRunner.java:648)
at org.testng.TestRunner.run(TestRunner.java:505)
at org.testng.SuiteRunner.runTest(SuiteRunner.java:455)
at org.testng.SuiteRunner.runSequentially(SuiteRunner.java:450)
at org.testng.SuiteRunner.privateRun(SuiteRunner.java:415)
at org.testng.SuiteRunner.run(SuiteRunner.java:364)
at org.testng.SuiteRunnerWorker.runSuite(SuiteRunnerWorker.java:52)
at org.testng.SuiteRunnerWorker.run(SuiteRunnerWorker.java:84)
at org.testng.TestNG.runSuitesSequentially(TestNG.java:1208)
at org.testng.TestNG.runSuitesLocally(TestNG.java:1137)
at org.testng.TestNG.runSuites(TestNG.java:1049)
at org.testng.TestNG.run(TestNG.java:1017)
at org.testng.remote.AbstractRemoteTestNG.run(AbstractRemoteTestNG.java:114)
at org.testng.remote.RemoteTestNG.initAndRun(RemoteTestNG.java:251)
at org.testng.remote.RemoteTestNG.main(RemoteTestNG.java:77)
]]>
    </failure>
  </testcase> <!-- testItemsCountFromREsponseBody -->
</testsuite> <!-- com.app.tests.APIDay3JsonPath -->
