<?xml version="1.0" encoding="UTF-8"?>
<!-- Generated by org.testng.reporters.JUnitReportReporter -->
<testsuite skipped="0" hostname="LAPTOP-NJQGIOLU" name="com.app.tests.RestTest" tests="1" failures="0" timestamp="23 Jan 2019 19:13:03 GMT" time="1.389" errors="0">
  <testcase name="four_Test" time="1.389" classname="com.app.tests.RestTest"/>
</testsuite> <!-- com.app.tests.RestTest -->
