<?xml version="1.0" encoding="UTF-8"?>
<!-- Generated by org.testng.reporters.JUnitReportReporter -->
<testsuite skipped="0" hostname="LAPTOP-NJQGIOLU" name="com.app.tests.RestAPITesting" tests="1" failures="0" timestamp="25 Jan 2019 19:49:51 GMT" time="1.502" errors="0">
  <testcase name="simpleGetRequest" time="1.502" classname="com.app.tests.RestAPITesting"/>
</testsuite> <!-- com.app.tests.RestAPITesting -->
